<?xml version="1.0" encoding="UTF-8"?>
<!-- Generated by org.testng.reporters.JUnitReportReporter -->
<testsuite hostname="DESKTOP-KHD4INJ" failures="0" tests="1" name="testCasePakage.tc001" time="18.334" errors="0" timestamp="2022-11-14T11:26:05 BDT" skipped="0">
  <testcase classname="testCasePakage.tc001" name="locatorlearn" time="18.334"/>
  <system-out/>
</testsuite> <!-- testCasePakage.tc001 -->
