<?xml version="1.0" encoding="UTF-8"?>
<!-- Generated by org.testng.reporters.JUnitReportReporter -->
<testsuite hostname="DESKTOP-KHD4INJ" failures="0" tests="1" name="testCasePakage.tc002" time="0.039" errors="0" timestamp="2022-10-24T02:48:04 BDT" skipped="0">
  <testcase classname="testCasePakage.tc002" name="verifypage" time="0.039"/>
  <system-out/>
</testsuite> <!-- testCasePakage.tc002 -->
